[2025-02-05  17:54:15] INFO main/main Icecast 2.4.4 server started
[2025-02-05  17:54:15] INFO yp/yp_update_thread YP update thread started
[2025-02-05  17:54:15] INFO connection/get_ssl_certificate No SSL capability on any configured ports
[2025-02-05  17:56:01] INFO connection/_handle_source_request Source logging in at mountpoint "/stream" from 172.22.0.1
[2025-02-05  17:56:01] WARN format/format_get_type Unsupported or legacy stream type: "audio/mpeg". Falling back to generic minimal handler for best effort.
[2025-02-05  17:56:02] INFO source/source_main listener count on /stream now 0
[2025-02-05  17:56:09] INFO source/get_next_buffer End of Stream /stream
[2025-02-05  17:56:09] INFO source/source_shutdown Source from 172.22.0.1 at "/stream" exiting
[2025-02-05  17:56:14] INFO connection/_handle_source_request Source logging in at mountpoint "/stream" from 172.22.0.1
[2025-02-05  17:56:14] WARN format/format_get_type Unsupported or legacy stream type: "audio/mpeg". Falling back to generic minimal handler for best effort.
[2025-02-05  17:56:14] INFO source/source_main listener count on /stream now 0
[2025-02-05  17:56:34] INFO admin/admin_handle_request Received admin command metadata on mount "/stream"
[2025-02-05  17:56:34] INFO admin/command_metadata Metadata on mountpoint /stream changed to "Cancion testAbracadabra - test songcancion test"
[2025-02-05  17:56:40] INFO admin/admin_handle_request Received admin command metadata on mount "/stream"
[2025-02-05  17:56:40] INFO admin/command_metadata Metadata on mountpoint /stream changed to "Cancion testAbracadabra - test songcancion test"
[2025-02-05  17:56:52] INFO fserve/fserve_client_create checking for file /style.css (/usr/share/icecast2/web/style.css)
[2025-02-05  17:56:53] INFO fserve/fserve_client_create checking for file /icecast.png (/usr/share/icecast2/web/icecast.png)
[2025-02-05  17:56:53] INFO fserve/fserve_client_create checking for file /tunein.png (/usr/share/icecast2/web/tunein.png)
[2025-02-05  18:15:04] INFO source/source_main listener count on /stream now 1
[2025-02-05  18:15:18] INFO source/source_main listener count on /stream now 2
[2025-02-05  18:15:19] INFO source/source_main listener count on /stream now 1
[2025-02-05  18:15:46] INFO fserve/fserve_client_create checking for file /style.css (/usr/share/icecast2/web/style.css)
[2025-02-05  18:15:46] INFO fserve/fserve_client_create checking for file /icecast.png (/usr/share/icecast2/web/icecast.png)
[2025-02-05  18:15:46] INFO fserve/fserve_client_create checking for file /tunein.png (/usr/share/icecast2/web/tunein.png)
[2025-02-05  18:17:10] INFO source/source_main listener count on /stream now 2
[2025-02-05  18:17:10] INFO source/source_main listener count on /stream now 1
[2025-02-05  18:17:26] INFO source/source_main listener count on /stream now 2
[2025-02-05  18:17:26] INFO source/source_main listener count on /stream now 1
[2025-02-05  18:18:18] INFO source/source_main listener count on /stream now 2
[2025-02-05  18:18:18] INFO source/source_main listener count on /stream now 1
[2025-02-05  18:18:24] INFO source/source_main listener count on /stream now 2
[2025-02-05  18:18:25] INFO source/source_main listener count on /stream now 1
[2025-02-05  18:20:13] INFO source/source_main listener count on /stream now 2
[2025-02-05  18:20:13] INFO source/source_main listener count on /stream now 1
[2025-02-05  18:20:23] INFO source/source_main listener count on /stream now 2
[2025-02-05  18:20:23] INFO source/source_main listener count on /stream now 1
[2025-02-05  18:20:50] INFO source/source_main listener count on /stream now 2
[2025-02-05  18:20:50] INFO source/source_main listener count on /stream now 1
[2025-02-05  18:21:56] INFO admin/admin_handle_request Received admin command metadata on mount "/stream"
[2025-02-05  18:21:56] INFO admin/command_metadata Metadata on mountpoint /stream changed to "Cancion testSlipknotcancion test"
[2025-02-05  18:22:13] INFO admin/admin_handle_request Received admin command metadata on mount "/stream"
[2025-02-05  18:22:13] INFO admin/command_metadata Metadata on mountpoint /stream changed to "Cancion testSlipknotcancion test"
[2025-02-05  18:22:14] INFO admin/admin_handle_request Received admin command metadata on mount "/stream"
[2025-02-05  18:22:14] INFO admin/command_metadata Metadata on mountpoint /stream changed to "Cancion testSlipknotcancion test"
[2025-02-05  18:29:00] INFO source/source_main listener count on /stream now 2
[2025-02-05  18:29:00] INFO source/source_main listener count on /stream now 1
[2025-02-05  18:29:14] INFO source/source_main listener count on /stream now 2
[2025-02-05  18:29:19] INFO source/source_main listener count on /stream now 1
[2025-02-05  18:40:21] INFO source/send_to_listener Client 310 (172.22.0.1) has fallen too far behind, removing
[2025-02-05  18:40:21] INFO source/source_main listener count on /stream now 0
[2025-02-05  18:40:57] INFO source/source_main listener count on /stream now 1
[2025-02-05  18:41:05] INFO source/source_main listener count on /stream now 2
[2025-02-05  18:41:06] INFO source/source_main listener count on /stream now 1
[2025-02-05  18:41:16] INFO source/source_main listener count on /stream now 2
[2025-02-05  18:41:17] INFO source/source_main listener count on /stream now 1
[2025-02-05  18:41:24] INFO source/source_main listener count on /stream now 2
[2025-02-05  18:41:24] INFO source/source_main listener count on /stream now 1
[2025-02-05  18:41:29] INFO source/source_main listener count on /stream now 2
[2025-02-05  18:41:29] INFO source/source_main listener count on /stream now 1
[2025-02-05  18:42:05] INFO source/source_main listener count on /stream now 2
[2025-02-05  18:42:06] INFO source/source_main listener count on /stream now 1
[2025-02-05  18:42:11] INFO source/source_main listener count on /stream now 2
[2025-02-05  18:42:11] INFO source/source_main listener count on /stream now 1
[2025-02-05  18:42:25] INFO source/source_main listener count on /stream now 0
[2025-02-05  18:47:10] INFO source/source_main listener count on /stream now 1
[2025-02-05  18:47:23] INFO source/source_main listener count on /stream now 2
[2025-02-05  18:47:23] INFO fserve/fserve_client_create checking for file /style.css (/usr/share/icecast2/web/style.css)
[2025-02-05  18:47:23] INFO fserve/fserve_client_create checking for file /icecast.png (/usr/share/icecast2/web/icecast.png)
[2025-02-05  18:47:23] INFO fserve/fserve_client_create checking for file /tunein.png (/usr/share/icecast2/web/tunein.png)
[2025-02-05  18:47:24] INFO source/source_main listener count on /stream now 1
[2025-02-05  18:47:35] INFO source/source_main listener count on /stream now 0
[2025-02-05  18:48:08] INFO fserve/fserve_client_create checking for file /style.css (/usr/share/icecast2/web/style.css)
[2025-02-05  18:48:08] INFO source/source_main listener count on /stream now 1
[2025-02-05  18:48:08] INFO fserve/fserve_client_create checking for file /icecast.png (/usr/share/icecast2/web/icecast.png)
[2025-02-05  18:48:08] INFO fserve/fserve_client_create checking for file /tunein.png (/usr/share/icecast2/web/tunein.png)
[2025-02-05  18:48:35] INFO source/source_main listener count on /stream now 2
[2025-02-05  18:48:35] INFO fserve/fserve_client_create checking for file /style.css (/usr/share/icecast2/web/style.css)
[2025-02-05  18:48:35] INFO fserve/fserve_client_create checking for file /icecast.png (/usr/share/icecast2/web/icecast.png)
[2025-02-05  18:48:35] INFO fserve/fserve_client_create checking for file /tunein.png (/usr/share/icecast2/web/tunein.png)
[2025-02-05  18:48:35] INFO source/source_main listener count on /stream now 1
[2025-02-05  18:51:50] INFO source/source_main listener count on /stream now 2
[2025-02-05  18:51:50] INFO fserve/fserve_client_create checking for file /style.css (/usr/share/icecast2/web/style.css)
[2025-02-05  18:51:50] INFO fserve/fserve_client_create checking for file /icecast.png (/usr/share/icecast2/web/icecast.png)
[2025-02-05  18:51:50] INFO fserve/fserve_client_create checking for file /tunein.png (/usr/share/icecast2/web/tunein.png)
[2025-02-05  18:51:51] INFO source/source_main listener count on /stream now 1
[2025-02-05  18:52:07] INFO source/source_main listener count on /stream now 0
[2025-02-05  21:58:27] INFO source/get_next_buffer End of Stream /stream
[2025-02-05  21:58:27] INFO source/source_shutdown Source from 172.22.0.1 at "/stream" exiting
[2025-02-05  22:22:26] INFO main/_server_proc Caught halt request, shutting down...
[2025-02-05  22:22:26] INFO main/main Shutting down
[2025-02-05  22:22:26] INFO fserve/fserve_shutdown file serving stopped
[2025-02-05  22:22:26] INFO slave/_slave_thread shutting down current relays
[2025-02-05  22:22:26] INFO slave/_slave_thread Slave thread shutdown complete
[2025-02-05  22:22:26] INFO auth/auth_shutdown Auth shutdown
[2025-02-05  22:22:26] INFO yp/yp_shutdown YP thread down
[2025-02-05  22:22:26] INFO stats/stats_shutdown stats thread finished
[2025-02-05  22:22:58] INFO main/main Icecast 2.4.4 server started
[2025-02-05  22:22:58] INFO yp/yp_update_thread YP update thread started
[2025-02-05  22:22:58] INFO connection/get_ssl_certificate No SSL capability on any configured ports
[2025-02-05  22:23:09] INFO fserve/fserve_client_create checking for file / (/usr/share/icecast2/web/)
[2025-02-05  22:23:09] WARN fserve/fserve_client_create found requested file but there is no handler for it: /usr/share/icecast2/web/
[2025-02-05  22:23:12] INFO fserve/fserve_client_create checking for file / (/usr/share/icecast2/web/)
[2025-02-05  22:23:12] WARN fserve/fserve_client_create found requested file but there is no handler for it: /usr/share/icecast2/web/
[2025-02-05  22:23:13] INFO fserve/fserve_client_create checking for file / (/usr/share/icecast2/web/)
[2025-02-05  22:23:13] WARN fserve/fserve_client_create found requested file but there is no handler for it: /usr/share/icecast2/web/
[2025-02-05  22:23:26] INFO admin/admin_handle_request Bad or missing password on admin command request (command: )
[2025-02-05  22:23:28] INFO admin/admin_handle_request Bad or missing password on admin command request (command: )
[2025-02-05  22:23:32] INFO main/_server_proc Caught halt request, shutting down...
[2025-02-05  22:23:32] INFO main/main Shutting down
[2025-02-05  22:23:32] INFO fserve/fserve_shutdown file serving stopped
[2025-02-05  22:23:33] INFO slave/_slave_thread shutting down current relays
[2025-02-05  22:23:33] INFO slave/_slave_thread Slave thread shutdown complete
[2025-02-05  22:23:33] INFO auth/auth_shutdown Auth shutdown
[2025-02-05  22:23:33] INFO yp/yp_shutdown YP thread down
[2025-02-05  22:23:33] INFO stats/stats_shutdown stats thread finished
